2024-07-25 19:41:06,153 INFO org.hibernate.validator.internal.util.Version [background-preinit] HV000001: Hibernate Validator 6.2.5.Final
2024-07-25 19:41:06,158 INFO org.springframework.boot.StartupInfoLogger [restartedMain] Starting Application using Java 1.8.0_422 on marwen-B450M-DS3H with PID 66644 (/home/marwen/Documents/PC_DESKTOP/Documents/2MPFAVD/THESIS/rayen/backend/spring/e-farmacy-backend-master/target/classes started by marwen in /home/marwen/Documents/PC_DESKTOP/Documents/2MPFAVD/THESIS/rayen/backend/spring/e-farmacy-backend-master)
2024-07-25 19:41:06,158 INFO org.springframework.boot.SpringApplication [restartedMain] No active profile set, falling back to 1 default profile: "default"
2024-07-25 19:41:06,181 INFO org.springframework.boot.logging.DeferredLog [restartedMain] Devtools property defaults active! Set 'spring.devtools.add-properties' to 'false' to disable
2024-07-25 19:41:06,181 INFO org.springframework.boot.logging.DeferredLog [restartedMain] For additional web related logging consider setting the 'logging.level.web' property to 'DEBUG'
2024-07-25 19:41:06,568 INFO org.springframework.data.repository.config.RepositoryConfigurationDelegate [restartedMain] Bootstrapping Spring Data MongoDB repositories in DEFAULT mode.
2024-07-25 19:41:06,598 INFO org.springframework.data.repository.config.RepositoryConfigurationDelegate [restartedMain] Finished Spring Data repository scanning in 27 ms. Found 2 MongoDB repository interfaces.
2024-07-25 19:41:06,936 INFO org.springframework.boot.web.embedded.tomcat.TomcatWebServer [restartedMain] Tomcat initialized with port(s): 8888 (http)
2024-07-25 19:41:06,941 INFO org.apache.juli.logging.DirectJDKLog [restartedMain] Initializing ProtocolHandler ["http-nio-8888"]
2024-07-25 19:41:06,942 INFO org.apache.juli.logging.DirectJDKLog [restartedMain] Starting service [Tomcat]
2024-07-25 19:41:06,942 INFO org.apache.juli.logging.DirectJDKLog [restartedMain] Starting Servlet engine: [Apache Tomcat/9.0.75]
2024-07-25 19:41:06,975 INFO org.apache.juli.logging.DirectJDKLog [restartedMain] Initializing Spring embedded WebApplicationContext
2024-07-25 19:41:06,975 INFO org.springframework.boot.web.servlet.context.ServletWebServerApplicationContext [restartedMain] Root WebApplicationContext: initialization completed in 794 ms
2024-07-25 19:41:07,069 INFO com.mongodb.diagnostics.logging.SLF4JLogger [cluster-ClusterId{value='66a29c438e963358dcfaa7ba', description='null'}-localhost:27017] Exception in monitor thread while connecting to server localhost:27017
com.mongodb.MongoSocketOpenException: Exception opening socket
	at com.mongodb.internal.connection.SocketStream.open(SocketStream.java:70)
	at com.mongodb.internal.connection.InternalStreamConnection.open(InternalStreamConnection.java:180)
	at com.mongodb.internal.connection.DefaultServerMonitor$ServerMonitorRunnable.lookupServerDescription(DefaultServerMonitor.java:193)
	at com.mongodb.internal.connection.DefaultServerMonitor$ServerMonitorRunnable.run(DefaultServerMonitor.java:157)
	at java.lang.Thread.run(Thread.java:750)
Caused by: java.net.ConnectException: Connection refused (Connection refused)
	at java.net.PlainSocketImpl.socketConnect(Native Method)
	at java.net.AbstractPlainSocketImpl.doConnect(AbstractPlainSocketImpl.java:350)
	at java.net.AbstractPlainSocketImpl.connectToAddress(AbstractPlainSocketImpl.java:206)
	at java.net.AbstractPlainSocketImpl.connect(AbstractPlainSocketImpl.java:188)
	at java.net.SocksSocketImpl.connect(SocksSocketImpl.java:392)
	at java.net.Socket.connect(Socket.java:607)
	at com.mongodb.internal.connection.SocketStreamHelper.initialize(SocketStreamHelper.java:107)
	at com.mongodb.internal.connection.SocketStream.initializeSocket(SocketStream.java:79)
	at com.mongodb.internal.connection.SocketStream.open(SocketStream.java:65)
	... 4 common frames omitted
2024-07-25 19:41:07,072 INFO com.mongodb.diagnostics.logging.SLF4JLogger [restartedMain] MongoClient with metadata {"driver": {"name": "mongo-java-driver|sync|spring-boot", "version": "4.6.1"}, "os": {"type": "Linux", "name": "Linux", "architecture": "amd64", "version": "5.15.0-117-generic"}, "platform": "Java/Amazon.com Inc./1.8.0_422-b05"} created with settings MongoClientSettings{readPreference=primary, writeConcern=WriteConcern{w=null, wTimeout=null ms, journal=null}, retryWrites=true, retryReads=true, readConcern=ReadConcern{level=null}, credential=null, streamFactoryFactory=null, commandListeners=[], codecRegistry=ProvidersCodecRegistry{codecProviders=[ValueCodecProvider{}, BsonValueCodecProvider{}, DBRefCodecProvider{}, DBObjectCodecProvider{}, DocumentCodecProvider{}, IterableCodecProvider{}, MapCodecProvider{}, GeoJsonCodecProvider{}, GridFSFileCodecProvider{}, Jsr310CodecProvider{}, JsonObjectCodecProvider{}, BsonCodecProvider{}, EnumCodecProvider{}, com.mongodb.Jep395RecordCodecProvider@2697702d]}, clusterSettings={hosts=[localhost:27017], srvServiceName=mongodb, mode=SINGLE, requiredClusterType=UNKNOWN, requiredReplicaSetName='null', serverSelector='null', clusterListeners='[]', serverSelectionTimeout='30000 ms', localThreshold='30000 ms'}, socketSettings=SocketSettings{connectTimeoutMS=10000, readTimeoutMS=0, receiveBufferSize=0, sendBufferSize=0}, heartbeatSocketSettings=SocketSettings{connectTimeoutMS=10000, readTimeoutMS=10000, receiveBufferSize=0, sendBufferSize=0}, connectionPoolSettings=ConnectionPoolSettings{maxSize=100, minSize=0, maxWaitTimeMS=120000, maxConnectionLifeTimeMS=0, maxConnectionIdleTimeMS=0, maintenanceInitialDelayMS=0, maintenanceFrequencyMS=60000, connectionPoolListeners=[], maxConnecting=2}, serverSettings=ServerSettings{heartbeatFrequencyMS=10000, minHeartbeatFrequencyMS=500, serverListeners='[]', serverMonitorListeners='[]'}, sslSettings=SslSettings{enabled=false, invalidHostNameAllowed=false, context=null}, applicationName='null', compressorList=[], uuidRepresentation=JAVA_LEGACY, serverApi=null, autoEncryptionSettings=null, contextProvider=null}
2024-07-25 19:41:07,333 INFO org.springframework.boot.devtools.autoconfigure.OptionalLiveReloadServer [restartedMain] LiveReload server is running on port 35729
2024-07-25 19:41:07,431 INFO com.mongodb.diagnostics.logging.SLF4JLogger [restartedMain] Cluster description not yet available. Waiting for 30000 ms before timing out
2024-07-25 19:41:37,436 WARN org.springframework.context.support.AbstractApplicationContext [restartedMain] Exception encountered during context initialization - cancelling refresh attempt: org.springframework.beans.factory.BeanCreationException: Error creating bean with name 'init' defined in class path resource [com/eshop/ApplicationInit.class]: Invocation of init method failed; nested exception is org.springframework.dao.DataAccessResourceFailureException: Timed out after 30000 ms while waiting to connect. Client view of cluster state is {type=UNKNOWN, servers=[{address=localhost:27017, type=UNKNOWN, state=CONNECTING, exception={com.mongodb.MongoSocketOpenException: Exception opening socket}, caused by {java.net.ConnectException: Connection refused (Connection refused)}}]; nested exception is com.mongodb.MongoTimeoutException: Timed out after 30000 ms while waiting to connect. Client view of cluster state is {type=UNKNOWN, servers=[{address=localhost:27017, type=UNKNOWN, state=CONNECTING, exception={com.mongodb.MongoSocketOpenException: Exception opening socket}, caused by {java.net.ConnectException: Connection refused (Connection refused)}}]
2024-07-25 19:41:37,441 INFO org.apache.juli.logging.DirectJDKLog [restartedMain] Stopping service [Tomcat]
2024-07-25 19:41:37,444 WARN org.apache.juli.logging.DirectJDKLog [restartedMain] The web application [api#v1] appears to have started a thread named [BufferPoolPruner-1-thread-1] but has failed to stop it. This is very likely to create a memory leak. Stack trace of thread:
 sun.misc.Unsafe.park(Native Method)
 java.util.concurrent.locks.LockSupport.parkNanos(LockSupport.java:215)
 java.util.concurrent.locks.AbstractQueuedSynchronizer$ConditionObject.awaitNanos(AbstractQueuedSynchronizer.java:2078)
 java.util.concurrent.ScheduledThreadPoolExecutor$DelayedWorkQueue.take(ScheduledThreadPoolExecutor.java:1093)
 java.util.concurrent.ScheduledThreadPoolExecutor$DelayedWorkQueue.take(ScheduledThreadPoolExecutor.java:809)
 java.util.concurrent.ThreadPoolExecutor.getTask(ThreadPoolExecutor.java:1074)
 java.util.concurrent.ThreadPoolExecutor.runWorker(ThreadPoolExecutor.java:1134)
 java.util.concurrent.ThreadPoolExecutor$Worker.run(ThreadPoolExecutor.java:624)
 java.lang.Thread.run(Thread.java:750)
2024-07-25 19:41:37,449 INFO org.springframework.boot.autoconfigure.logging.ConditionEvaluationReportLoggingListener [restartedMain] 

Error starting ApplicationContext. To display the conditions report re-run your application with 'debug' enabled.
2024-07-25 19:41:37,458 ERROR org.springframework.boot.SpringApplication [restartedMain] Application run failed
org.springframework.beans.factory.BeanCreationException: Error creating bean with name 'init' defined in class path resource [com/eshop/ApplicationInit.class]: Invocation of init method failed; nested exception is org.springframework.dao.DataAccessResourceFailureException: Timed out after 30000 ms while waiting to connect. Client view of cluster state is {type=UNKNOWN, servers=[{address=localhost:27017, type=UNKNOWN, state=CONNECTING, exception={com.mongodb.MongoSocketOpenException: Exception opening socket}, caused by {java.net.ConnectException: Connection refused (Connection refused)}}]; nested exception is com.mongodb.MongoTimeoutException: Timed out after 30000 ms while waiting to connect. Client view of cluster state is {type=UNKNOWN, servers=[{address=localhost:27017, type=UNKNOWN, state=CONNECTING, exception={com.mongodb.MongoSocketOpenException: Exception opening socket}, caused by {java.net.ConnectException: Connection refused (Connection refused)}}]
	at org.springframework.beans.factory.support.AbstractAutowireCapableBeanFactory.initializeBean(AbstractAutowireCapableBeanFactory.java:1804)
	at org.springframework.beans.factory.support.AbstractAutowireCapableBeanFactory.doCreateBean(AbstractAutowireCapableBeanFactory.java:620)
	at org.springframework.beans.factory.support.AbstractAutowireCapableBeanFactory.createBean(AbstractAutowireCapableBeanFactory.java:542)
	at org.springframework.beans.factory.support.AbstractBeanFactory.lambda$doGetBean$0(AbstractBeanFactory.java:335)
	at org.springframework.beans.factory.support.DefaultSingletonBeanRegistry.getSingleton(DefaultSingletonBeanRegistry.java:234)
	at org.springframework.beans.factory.support.AbstractBeanFactory.doGetBean(AbstractBeanFactory.java:333)
	at org.springframework.beans.factory.support.AbstractBeanFactory.getBean(AbstractBeanFactory.java:208)
	at org.springframework.beans.factory.support.DefaultListableBeanFactory.preInstantiateSingletons(DefaultListableBeanFactory.java:955)
	at org.springframework.context.support.AbstractApplicationContext.finishBeanFactoryInitialization(AbstractApplicationContext.java:920)
	at org.springframework.context.support.AbstractApplicationContext.refresh(AbstractApplicationContext.java:583)
	at org.springframework.boot.web.servlet.context.ServletWebServerApplicationContext.refresh(ServletWebServerApplicationContext.java:147)
	at org.springframework.boot.SpringApplication.refresh(SpringApplication.java:731)
	at org.springframework.boot.SpringApplication.refreshContext(SpringApplication.java:408)
	at org.springframework.boot.SpringApplication.run(SpringApplication.java:307)
	at org.springframework.boot.SpringApplication.run(SpringApplication.java:1303)
	at org.springframework.boot.SpringApplication.run(SpringApplication.java:1292)
	at com.daily.Application.main(Application.java:12)
	at sun.reflect.NativeMethodAccessorImpl.invoke0(Native Method)
	at sun.reflect.NativeMethodAccessorImpl.invoke(NativeMethodAccessorImpl.java:62)
	at sun.reflect.DelegatingMethodAccessorImpl.invoke(DelegatingMethodAccessorImpl.java:43)
	at java.lang.reflect.Method.invoke(Method.java:498)
	at org.springframework.boot.devtools.restart.RestartLauncher.run(RestartLauncher.java:49)
Caused by: org.springframework.dao.DataAccessResourceFailureException: Timed out after 30000 ms while waiting to connect. Client view of cluster state is {type=UNKNOWN, servers=[{address=localhost:27017, type=UNKNOWN, state=CONNECTING, exception={com.mongodb.MongoSocketOpenException: Exception opening socket}, caused by {java.net.ConnectException: Connection refused (Connection refused)}}]; nested exception is com.mongodb.MongoTimeoutException: Timed out after 30000 ms while waiting to connect. Client view of cluster state is {type=UNKNOWN, servers=[{address=localhost:27017, type=UNKNOWN, state=CONNECTING, exception={com.mongodb.MongoSocketOpenException: Exception opening socket}, caused by {java.net.ConnectException: Connection refused (Connection refused)}}]
	at org.springframework.data.mongodb.core.MongoExceptionTranslator.translateExceptionIfPossible(MongoExceptionTranslator.java:95)
	at org.springframework.data.mongodb.core.MongoTemplate.potentiallyConvertRuntimeException(MongoTemplate.java:3029)
	at org.springframework.data.mongodb.core.MongoTemplate.execute(MongoTemplate.java:581)
	at org.springframework.data.mongodb.core.MongoTemplate.doExactCount(MongoTemplate.java:1197)
	at org.springframework.data.mongodb.core.MongoTemplate.doCount(MongoTemplate.java:1169)
	at org.springframework.data.mongodb.core.MongoTemplate$ExistsCallback.doInCollection(MongoTemplate.java:3127)
	at org.springframework.data.mongodb.core.MongoTemplate$ExistsCallback.doInCollection(MongoTemplate.java:3113)
	at org.springframework.data.mongodb.core.MongoTemplate.execute(MongoTemplate.java:579)
	at org.springframework.data.mongodb.core.MongoTemplate.exists(MongoTemplate.java:857)
	at org.springframework.data.mongodb.core.ExecutableFindOperationSupport$ExecutableFindSupport.exists(ExecutableFindOperationSupport.java:199)
	at org.springframework.data.mongodb.repository.query.AbstractMongoQuery.lambda$getExecution$5(AbstractMongoQuery.java:184)
	at org.springframework.data.mongodb.repository.query.AbstractMongoQuery.doExecute(AbstractMongoQuery.java:152)
	at org.springframework.data.mongodb.repository.query.AbstractMongoQuery.execute(AbstractMongoQuery.java:127)
	at org.springframework.data.repository.core.support.RepositoryMethodInvoker.doInvoke(RepositoryMethodInvoker.java:137)
	at org.springframework.data.repository.core.support.RepositoryMethodInvoker.invoke(RepositoryMethodInvoker.java:121)
	at org.springframework.data.repository.core.support.QueryExecutorMethodInterceptor.doInvoke(QueryExecutorMethodInterceptor.java:160)
	at org.springframework.data.repository.core.support.QueryExecutorMethodInterceptor.invoke(QueryExecutorMethodInterceptor.java:139)
	at org.springframework.aop.framework.ReflectiveMethodInvocation.proceed(ReflectiveMethodInvocation.java:186)
	at org.springframework.data.projection.DefaultMethodInvokingMethodInterceptor.invoke(DefaultMethodInvokingMethodInterceptor.java:81)
	at org.springframework.aop.framework.ReflectiveMethodInvocation.proceed(ReflectiveMethodInvocation.java:186)
	at org.springframework.aop.interceptor.ExposeInvocationInterceptor.invoke(ExposeInvocationInterceptor.java:97)
	at org.springframework.aop.framework.ReflectiveMethodInvocation.proceed(ReflectiveMethodInvocation.java:186)
	at org.springframework.aop.framework.JdkDynamicAopProxy.invoke(JdkDynamicAopProxy.java:220)
	at com.sun.proxy.$Proxy81.existsByName(Unknown Source)
	at sun.reflect.NativeMethodAccessorImpl.invoke0(Native Method)
	at sun.reflect.NativeMethodAccessorImpl.invoke(NativeMethodAccessorImpl.java:62)
	at sun.reflect.DelegatingMethodAccessorImpl.invoke(DelegatingMethodAccessorImpl.java:43)
	at java.lang.reflect.Method.invoke(Method.java:498)
	at org.springframework.aop.support.AopUtils.invokeJoinpointUsingReflection(AopUtils.java:344)
	at org.springframework.aop.framework.ReflectiveMethodInvocation.invokeJoinpoint(ReflectiveMethodInvocation.java:198)
	at org.springframework.aop.framework.ReflectiveMethodInvocation.proceed(ReflectiveMethodInvocation.java:163)
	at org.springframework.dao.support.PersistenceExceptionTranslationInterceptor.invoke(PersistenceExceptionTranslationInterceptor.java:137)
	at org.springframework.aop.framework.ReflectiveMethodInvocation.proceed(ReflectiveMethodInvocation.java:186)
	at org.springframework.aop.framework.JdkDynamicAopProxy.invoke(JdkDynamicAopProxy.java:220)
	at com.sun.proxy.$Proxy81.existsByName(Unknown Source)
	at com.daily.ApplicationInit.lambda$init$0(ApplicationInit.java:51)
	at org.springframework.beans.factory.support.AbstractAutowireCapableBeanFactory.invokeInitMethods(AbstractAutowireCapableBeanFactory.java:1863)
	at org.springframework.beans.factory.support.AbstractAutowireCapableBeanFactory.initializeBean(AbstractAutowireCapableBeanFactory.java:1800)
	... 21 common frames omitted
Caused by: com.mongodb.MongoTimeoutException: Timed out after 30000 ms while waiting to connect. Client view of cluster state is {type=UNKNOWN, servers=[{address=localhost:27017, type=UNKNOWN, state=CONNECTING, exception={com.mongodb.MongoSocketOpenException: Exception opening socket}, caused by {java.net.ConnectException: Connection refused (Connection refused)}}]
	at com.mongodb.internal.connection.BaseCluster.getDescription(BaseCluster.java:180)
	at com.mongodb.internal.connection.SingleServerCluster.getDescription(SingleServerCluster.java:44)
	at com.mongodb.client.internal.MongoClientDelegate.getConnectedClusterDescription(MongoClientDelegate.java:144)
	at com.mongodb.client.internal.MongoClientDelegate.createClientSession(MongoClientDelegate.java:101)
	at com.mongodb.client.internal.MongoClientDelegate$DelegateOperationExecutor.getClientSession(MongoClientDelegate.java:291)
	at com.mongodb.client.internal.MongoClientDelegate$DelegateOperationExecutor.execute(MongoClientDelegate.java:183)
	at com.mongodb.client.internal.MongoCollectionImpl.executeCount(MongoCollectionImpl.java:219)
	at com.mongodb.client.internal.MongoCollectionImpl.countDocuments(MongoCollectionImpl.java:189)
	at org.springframework.data.mongodb.core.MongoTemplate.lambda$doExactCount$14(MongoTemplate.java:1198)
	at org.springframework.data.mongodb.core.MongoTemplate.execute(MongoTemplate.java:579)
	... 56 common frames omitted
2024-07-25 19:43:31,101 INFO org.hibernate.validator.internal.util.Version [background-preinit] HV000001: Hibernate Validator 6.2.5.Final
2024-07-25 19:43:31,105 INFO org.springframework.boot.StartupInfoLogger [restartedMain] Starting Application using Java 1.8.0_422 on marwen-B450M-DS3H with PID 67133 (/home/marwen/Documents/PC_DESKTOP/Documents/2MPFAVD/THESIS/rayen/backend/spring/e-farmacy-backend-master/target/classes started by marwen in /home/marwen/Documents/PC_DESKTOP/Documents/2MPFAVD/THESIS/rayen/backend/spring/e-farmacy-backend-master)
2024-07-25 19:43:31,105 INFO org.springframework.boot.SpringApplication [restartedMain] No active profile set, falling back to 1 default profile: "default"
2024-07-25 19:43:31,131 INFO org.springframework.boot.logging.DeferredLog [restartedMain] Devtools property defaults active! Set 'spring.devtools.add-properties' to 'false' to disable
2024-07-25 19:43:31,131 INFO org.springframework.boot.logging.DeferredLog [restartedMain] For additional web related logging consider setting the 'logging.level.web' property to 'DEBUG'
2024-07-25 19:43:31,510 INFO org.springframework.data.repository.config.RepositoryConfigurationDelegate [restartedMain] Bootstrapping Spring Data MongoDB repositories in DEFAULT mode.
2024-07-25 19:43:31,539 INFO org.springframework.data.repository.config.RepositoryConfigurationDelegate [restartedMain] Finished Spring Data repository scanning in 26 ms. Found 2 MongoDB repository interfaces.
2024-07-25 19:43:31,901 INFO org.springframework.boot.web.embedded.tomcat.TomcatWebServer [restartedMain] Tomcat initialized with port(s): 8888 (http)
2024-07-25 19:43:31,907 INFO org.apache.juli.logging.DirectJDKLog [restartedMain] Initializing ProtocolHandler ["http-nio-8888"]
2024-07-25 19:43:31,907 INFO org.apache.juli.logging.DirectJDKLog [restartedMain] Starting service [Tomcat]
2024-07-25 19:43:31,908 INFO org.apache.juli.logging.DirectJDKLog [restartedMain] Starting Servlet engine: [Apache Tomcat/9.0.75]
2024-07-25 19:43:31,940 INFO org.apache.juli.logging.DirectJDKLog [restartedMain] Initializing Spring embedded WebApplicationContext
2024-07-25 19:43:31,940 INFO org.springframework.boot.web.servlet.context.ServletWebServerApplicationContext [restartedMain] Root WebApplicationContext: initialization completed in 809 ms
2024-07-25 19:43:32,034 INFO com.mongodb.diagnostics.logging.SLF4JLogger [restartedMain] MongoClient with metadata {"driver": {"name": "mongo-java-driver|sync|spring-boot", "version": "4.6.1"}, "os": {"type": "Linux", "name": "Linux", "architecture": "amd64", "version": "5.15.0-117-generic"}, "platform": "Java/Amazon.com Inc./1.8.0_422-b05"} created with settings MongoClientSettings{readPreference=primary, writeConcern=WriteConcern{w=null, wTimeout=null ms, journal=null}, retryWrites=true, retryReads=true, readConcern=ReadConcern{level=null}, credential=null, streamFactoryFactory=null, commandListeners=[], codecRegistry=ProvidersCodecRegistry{codecProviders=[ValueCodecProvider{}, BsonValueCodecProvider{}, DBRefCodecProvider{}, DBObjectCodecProvider{}, DocumentCodecProvider{}, IterableCodecProvider{}, MapCodecProvider{}, GeoJsonCodecProvider{}, GridFSFileCodecProvider{}, Jsr310CodecProvider{}, JsonObjectCodecProvider{}, BsonCodecProvider{}, EnumCodecProvider{}, com.mongodb.Jep395RecordCodecProvider@6a5c09a]}, clusterSettings={hosts=[localhost:27017], srvServiceName=mongodb, mode=SINGLE, requiredClusterType=UNKNOWN, requiredReplicaSetName='null', serverSelector='null', clusterListeners='[]', serverSelectionTimeout='30000 ms', localThreshold='30000 ms'}, socketSettings=SocketSettings{connectTimeoutMS=10000, readTimeoutMS=0, receiveBufferSize=0, sendBufferSize=0}, heartbeatSocketSettings=SocketSettings{connectTimeoutMS=10000, readTimeoutMS=10000, receiveBufferSize=0, sendBufferSize=0}, connectionPoolSettings=ConnectionPoolSettings{maxSize=100, minSize=0, maxWaitTimeMS=120000, maxConnectionLifeTimeMS=0, maxConnectionIdleTimeMS=0, maintenanceInitialDelayMS=0, maintenanceFrequencyMS=60000, connectionPoolListeners=[], maxConnecting=2}, serverSettings=ServerSettings{heartbeatFrequencyMS=10000, minHeartbeatFrequencyMS=500, serverListeners='[]', serverMonitorListeners='[]'}, sslSettings=SslSettings{enabled=false, invalidHostNameAllowed=false, context=null}, applicationName='null', compressorList=[], uuidRepresentation=JAVA_LEGACY, serverApi=null, autoEncryptionSettings=null, contextProvider=null}
2024-07-25 19:43:32,043 INFO com.mongodb.diagnostics.logging.SLF4JLogger [cluster-ClusterId{value='66a29cd4b1907d4d6b32666b', description='null'}-localhost:27017] Opened connection [connectionId{localValue:2, serverValue:1}] to localhost:27017
2024-07-25 19:43:32,043 INFO com.mongodb.diagnostics.logging.SLF4JLogger [cluster-rtt-ClusterId{value='66a29cd4b1907d4d6b32666b', description='null'}-localhost:27017] Opened connection [connectionId{localValue:1, serverValue:2}] to localhost:27017
2024-07-25 19:43:32,043 INFO com.mongodb.diagnostics.logging.SLF4JLogger [cluster-ClusterId{value='66a29cd4b1907d4d6b32666b', description='null'}-localhost:27017] Monitor thread successfully connected to server with description ServerDescription{address=localhost:27017, type=STANDALONE, state=CONNECTED, ok=true, minWireVersion=0, maxWireVersion=21, maxDocumentSize=16777216, logicalSessionTimeoutMinutes=30, roundTripTimeNanos=13233495}
2024-07-25 19:43:32,283 INFO org.springframework.boot.devtools.autoconfigure.OptionalLiveReloadServer [restartedMain] LiveReload server is running on port 35729
2024-07-25 19:43:32,387 INFO com.mongodb.diagnostics.logging.SLF4JLogger [restartedMain] Opened connection [connectionId{localValue:3, serverValue:3}] to localhost:27017
2024-07-25 19:43:32,400 INFO com.daily.ApplicationInit [restartedMain] Saving role: ROLE_ADMIN
2024-07-25 19:43:32,438 INFO com.daily.ApplicationInit [restartedMain] Saving role: ROLE_USER
2024-07-25 19:43:32,509 INFO org.springframework.security.web.DefaultSecurityFilterChain [restartedMain] Will secure any request with [org.springframework.security.web.session.DisableEncodeUrlFilter@771fe227, org.springframework.security.web.context.request.async.WebAsyncManagerIntegrationFilter@2235f265, org.springframework.security.web.context.SecurityContextPersistenceFilter@18f30569, org.springframework.security.web.header.HeaderWriterFilter@627ab0ce, org.springframework.web.filter.CorsFilter@27306a23, org.springframework.security.web.authentication.logout.LogoutFilter@93de932, com.daily.security.jwt.AuthTokenFilter@5cbd595c, org.springframework.security.web.savedrequest.RequestCacheAwareFilter@3b20a35c, org.springframework.security.web.servletapi.SecurityContextHolderAwareRequestFilter@1bdb38ef, org.springframework.security.web.authentication.AnonymousAuthenticationFilter@39590472, org.springframework.security.web.session.SessionManagementFilter@385840f1, org.springframework.security.web.access.ExceptionTranslationFilter@17e889d0, org.springframework.security.web.access.intercept.FilterSecurityInterceptor@7af5e140]
2024-07-25 19:43:33,073 INFO org.apache.juli.logging.DirectJDKLog [restartedMain] Starting ProtocolHandler ["http-nio-8888"]
2024-07-25 19:43:33,083 INFO org.springframework.boot.web.embedded.tomcat.TomcatWebServer [restartedMain] Tomcat started on port(s): 8888 (http) with context path '/api/v1'
2024-07-25 19:43:33,088 INFO org.springframework.boot.StartupInfoLogger [restartedMain] Started Application in 2.22 seconds (JVM running for 2.554)
2024-07-25 20:06:15,632 INFO org.springframework.boot.devtools.autoconfigure.LocalDevToolsAutoConfiguration$RestartingClassPathChangeChangedEventListener [File Watcher] Restarting due to 36 class path changes (0 additions, 36 deletions, 0 modifications)
2024-07-25 20:06:15,640 INFO org.apache.juli.logging.DirectJDKLog [Thread-5] Pausing ProtocolHandler ["http-nio-8888"]
2024-07-25 20:06:15,640 INFO org.apache.juli.logging.DirectJDKLog [Thread-5] Stopping service [Tomcat]
2024-07-25 20:06:15,643 WARN org.apache.juli.logging.DirectJDKLog [Thread-5] The web application [api#v1] appears to have started a thread named [BufferPoolPruner-1-thread-1] but has failed to stop it. This is very likely to create a memory leak. Stack trace of thread:
 sun.misc.Unsafe.park(Native Method)
 java.util.concurrent.locks.LockSupport.parkNanos(LockSupport.java:215)
 java.util.concurrent.locks.AbstractQueuedSynchronizer$ConditionObject.awaitNanos(AbstractQueuedSynchronizer.java:2078)
 java.util.concurrent.ScheduledThreadPoolExecutor$DelayedWorkQueue.take(ScheduledThreadPoolExecutor.java:1093)
 java.util.concurrent.ScheduledThreadPoolExecutor$DelayedWorkQueue.take(ScheduledThreadPoolExecutor.java:809)
 java.util.concurrent.ThreadPoolExecutor.getTask(ThreadPoolExecutor.java:1074)
 java.util.concurrent.ThreadPoolExecutor.runWorker(ThreadPoolExecutor.java:1134)
 java.util.concurrent.ThreadPoolExecutor$Worker.run(ThreadPoolExecutor.java:624)
 java.lang.Thread.run(Thread.java:750)
2024-07-25 20:06:15,644 WARN org.apache.juli.logging.DirectJDKLog [Thread-5] The web application [api#v1] appears to have started a thread named [cluster-ClusterId{value='66a29cd4b1907d4d6b32666b', description='null'}-localhost:27017] but has failed to stop it. This is very likely to create a memory leak. Stack trace of thread:
 java.net.SocketInputStream.socketRead0(Native Method)
 java.net.SocketInputStream.socketRead(SocketInputStream.java:116)
 java.net.SocketInputStream.read(SocketInputStream.java:171)
 java.net.SocketInputStream.read(SocketInputStream.java:141)
 com.mongodb.internal.connection.SocketStream.read(SocketStream.java:110)
 com.mongodb.internal.connection.SocketStream.read(SocketStream.java:135)
 com.mongodb.internal.connection.InternalStreamConnection.receiveResponseBuffers(InternalStreamConnection.java:713)
 com.mongodb.internal.connection.InternalStreamConnection.receiveMessageWithAdditionalTimeout(InternalStreamConnection.java:571)
 com.mongodb.internal.connection.InternalStreamConnection.receiveCommandMessageResponse(InternalStreamConnection.java:410)
 com.mongodb.internal.connection.InternalStreamConnection.receive(InternalStreamConnection.java:369)
 com.mongodb.internal.connection.DefaultServerMonitor$ServerMonitorRunnable.lookupServerDescription(DefaultServerMonitor.java:221)
 com.mongodb.internal.connection.DefaultServerMonitor$ServerMonitorRunnable.run(DefaultServerMonitor.java:157)
 java.lang.Thread.run(Thread.java:750)
2024-07-25 20:06:15,644 WARN org.apache.juli.logging.DirectJDKLog [Thread-5] The web application [api#v1] appears to have started a thread named [cluster-rtt-ClusterId{value='66a29cd4b1907d4d6b32666b', description='null'}-localhost:27017] but has failed to stop it. This is very likely to create a memory leak. Stack trace of thread:
 java.lang.Thread.sleep(Native Method)
 com.mongodb.internal.connection.DefaultServerMonitor.waitForNext(DefaultServerMonitor.java:443)
 com.mongodb.internal.connection.DefaultServerMonitor.access$1500(DefaultServerMonitor.java:64)
 com.mongodb.internal.connection.DefaultServerMonitor$RoundTripTimeRunnable.run(DefaultServerMonitor.java:415)
 java.lang.Thread.run(Thread.java:750)
2024-07-25 20:06:15,644 WARN org.apache.juli.logging.DirectJDKLog [Thread-5] The web application [api#v1] appears to have started a thread named [MaintenanceTimer-2-thread-1] but has failed to stop it. This is very likely to create a memory leak. Stack trace of thread:
 sun.misc.Unsafe.park(Native Method)
 java.util.concurrent.locks.LockSupport.parkNanos(LockSupport.java:215)
 java.util.concurrent.locks.AbstractQueuedSynchronizer$ConditionObject.awaitNanos(AbstractQueuedSynchronizer.java:2078)
 java.util.concurrent.ScheduledThreadPoolExecutor$DelayedWorkQueue.take(ScheduledThreadPoolExecutor.java:1093)
 java.util.concurrent.ScheduledThreadPoolExecutor$DelayedWorkQueue.take(ScheduledThreadPoolExecutor.java:809)
 java.util.concurrent.ThreadPoolExecutor.getTask(ThreadPoolExecutor.java:1074)
 java.util.concurrent.ThreadPoolExecutor.runWorker(ThreadPoolExecutor.java:1134)
 java.util.concurrent.ThreadPoolExecutor$Worker.run(ThreadPoolExecutor.java:624)
 java.lang.Thread.run(Thread.java:750)
2024-07-25 20:06:15,645 INFO org.apache.juli.logging.DirectJDKLog [Thread-5] Stopping ProtocolHandler ["http-nio-8888"]
2024-07-25 20:06:15,645 INFO org.apache.juli.logging.DirectJDKLog [Thread-5] Destroying ProtocolHandler ["http-nio-8888"]
2024-07-25 20:08:43,524 INFO org.hibernate.validator.internal.util.Version [background-preinit] HV000001: Hibernate Validator 6.2.5.Final
2024-07-25 20:08:43,527 INFO org.springframework.boot.StartupInfoLogger [restartedMain] Starting Application using Java 1.8.0_422 on marwen-B450M-DS3H with PID 68698 (/home/marwen/Documents/PC_DESKTOP/Documents/2MPFAVD/THESIS/rayen/backend/spring/DAILY/target/classes started by marwen in /home/marwen/Documents/PC_DESKTOP/Documents/2MPFAVD/THESIS/rayen/backend/spring/DAILY)
2024-07-25 20:08:43,527 INFO org.springframework.boot.SpringApplication [restartedMain] No active profile set, falling back to 1 default profile: "default"
2024-07-25 20:08:43,550 INFO org.springframework.boot.logging.DeferredLog [restartedMain] Devtools property defaults active! Set 'spring.devtools.add-properties' to 'false' to disable
2024-07-25 20:08:43,550 INFO org.springframework.boot.logging.DeferredLog [restartedMain] For additional web related logging consider setting the 'logging.level.web' property to 'DEBUG'
2024-07-25 20:08:43,991 INFO org.springframework.data.repository.config.RepositoryConfigurationDelegate [restartedMain] Bootstrapping Spring Data MongoDB repositories in DEFAULT mode.
2024-07-25 20:08:44,025 INFO org.springframework.data.repository.config.RepositoryConfigurationDelegate [restartedMain] Finished Spring Data repository scanning in 30 ms. Found 2 MongoDB repository interfaces.
2024-07-25 20:08:44,359 INFO org.springframework.boot.web.embedded.tomcat.TomcatWebServer [restartedMain] Tomcat initialized with port(s): 8888 (http)
2024-07-25 20:08:44,366 INFO org.apache.juli.logging.DirectJDKLog [restartedMain] Initializing ProtocolHandler ["http-nio-8888"]
2024-07-25 20:08:44,366 INFO org.apache.juli.logging.DirectJDKLog [restartedMain] Starting service [Tomcat]
2024-07-25 20:08:44,366 INFO org.apache.juli.logging.DirectJDKLog [restartedMain] Starting Servlet engine: [Apache Tomcat/9.0.75]
2024-07-25 20:08:44,406 INFO org.apache.juli.logging.DirectJDKLog [restartedMain] Initializing Spring embedded WebApplicationContext
2024-07-25 20:08:44,406 INFO org.springframework.boot.web.servlet.context.ServletWebServerApplicationContext [restartedMain] Root WebApplicationContext: initialization completed in 856 ms
2024-07-25 20:08:44,520 INFO com.mongodb.diagnostics.logging.SLF4JLogger [restartedMain] MongoClient with metadata {"driver": {"name": "mongo-java-driver|sync|spring-boot", "version": "4.6.1"}, "os": {"type": "Linux", "name": "Linux", "architecture": "amd64", "version": "5.15.0-117-generic"}, "platform": "Java/Amazon.com Inc./1.8.0_422-b05"} created with settings MongoClientSettings{readPreference=primary, writeConcern=WriteConcern{w=null, wTimeout=null ms, journal=null}, retryWrites=true, retryReads=true, readConcern=ReadConcern{level=null}, credential=null, streamFactoryFactory=null, commandListeners=[], codecRegistry=ProvidersCodecRegistry{codecProviders=[ValueCodecProvider{}, BsonValueCodecProvider{}, DBRefCodecProvider{}, DBObjectCodecProvider{}, DocumentCodecProvider{}, IterableCodecProvider{}, MapCodecProvider{}, GeoJsonCodecProvider{}, GridFSFileCodecProvider{}, Jsr310CodecProvider{}, JsonObjectCodecProvider{}, BsonCodecProvider{}, EnumCodecProvider{}, com.mongodb.Jep395RecordCodecProvider@6a5c09a]}, clusterSettings={hosts=[localhost:27017], srvServiceName=mongodb, mode=SINGLE, requiredClusterType=UNKNOWN, requiredReplicaSetName='null', serverSelector='null', clusterListeners='[]', serverSelectionTimeout='30000 ms', localThreshold='30000 ms'}, socketSettings=SocketSettings{connectTimeoutMS=10000, readTimeoutMS=0, receiveBufferSize=0, sendBufferSize=0}, heartbeatSocketSettings=SocketSettings{connectTimeoutMS=10000, readTimeoutMS=10000, receiveBufferSize=0, sendBufferSize=0}, connectionPoolSettings=ConnectionPoolSettings{maxSize=100, minSize=0, maxWaitTimeMS=120000, maxConnectionLifeTimeMS=0, maxConnectionIdleTimeMS=0, maintenanceInitialDelayMS=0, maintenanceFrequencyMS=60000, connectionPoolListeners=[], maxConnecting=2}, serverSettings=ServerSettings{heartbeatFrequencyMS=10000, minHeartbeatFrequencyMS=500, serverListeners='[]', serverMonitorListeners='[]'}, sslSettings=SslSettings{enabled=false, invalidHostNameAllowed=false, context=null}, applicationName='null', compressorList=[], uuidRepresentation=JAVA_LEGACY, serverApi=null, autoEncryptionSettings=null, contextProvider=null}
2024-07-25 20:08:44,527 INFO com.mongodb.diagnostics.logging.SLF4JLogger [cluster-rtt-ClusterId{value='66a2a2bc4ac8f93edd30fc5e', description='null'}-localhost:27017] Opened connection [connectionId{localValue:1, serverValue:6}] to localhost:27017
2024-07-25 20:08:44,527 INFO com.mongodb.diagnostics.logging.SLF4JLogger [cluster-ClusterId{value='66a2a2bc4ac8f93edd30fc5e', description='null'}-localhost:27017] Opened connection [connectionId{localValue:2, serverValue:7}] to localhost:27017
2024-07-25 20:08:44,527 INFO com.mongodb.diagnostics.logging.SLF4JLogger [cluster-ClusterId{value='66a2a2bc4ac8f93edd30fc5e', description='null'}-localhost:27017] Monitor thread successfully connected to server with description ServerDescription{address=localhost:27017, type=STANDALONE, state=CONNECTED, ok=true, minWireVersion=0, maxWireVersion=21, maxDocumentSize=16777216, logicalSessionTimeoutMinutes=30, roundTripTimeNanos=14533453}
2024-07-25 20:08:44,799 WARN org.springframework.boot.devtools.autoconfigure.OptionalLiveReloadServer [restartedMain] Unable to start LiveReload server
2024-07-25 20:08:44,903 INFO com.mongodb.diagnostics.logging.SLF4JLogger [restartedMain] Opened connection [connectionId{localValue:3, serverValue:8}] to localhost:27017
2024-07-25 20:08:44,971 INFO org.springframework.security.web.DefaultSecurityFilterChain [restartedMain] Will secure any request with [org.springframework.security.web.session.DisableEncodeUrlFilter@49cb0980, org.springframework.security.web.context.request.async.WebAsyncManagerIntegrationFilter@5f3949e, org.springframework.security.web.context.SecurityContextPersistenceFilter@6e134ab, org.springframework.security.web.header.HeaderWriterFilter@390af2e1, org.springframework.web.filter.CorsFilter@6725aec2, org.springframework.security.web.authentication.logout.LogoutFilter@6b04b834, com.daily.security.jwt.AuthTokenFilter@5cbd595c, org.springframework.security.web.savedrequest.RequestCacheAwareFilter@91fa25, org.springframework.security.web.servletapi.SecurityContextHolderAwareRequestFilter@1dbb1d18, org.springframework.security.web.authentication.AnonymousAuthenticationFilter@e038b45, org.springframework.security.web.session.SessionManagementFilter@1263922c, org.springframework.security.web.access.ExceptionTranslationFilter@6f1676ae, org.springframework.security.web.access.intercept.FilterSecurityInterceptor@7ab6c857]
2024-07-25 20:08:45,575 INFO org.apache.juli.logging.DirectJDKLog [restartedMain] Starting ProtocolHandler ["http-nio-8888"]
2024-07-25 20:08:45,584 INFO org.springframework.boot.web.embedded.tomcat.TomcatWebServer [restartedMain] Tomcat started on port(s): 8888 (http) with context path '/api/v1'
2024-07-25 20:08:45,590 INFO org.springframework.boot.StartupInfoLogger [restartedMain] Started Application in 2.308 seconds (JVM running for 2.685)
2024-07-25 20:09:22,524 INFO org.hibernate.validator.internal.util.Version [background-preinit] HV000001: Hibernate Validator 6.2.5.Final
2024-07-25 20:09:22,527 INFO org.springframework.boot.StartupInfoLogger [restartedMain] Starting Application using Java 1.8.0_422 on marwen-B450M-DS3H with PID 69037 (/home/marwen/Documents/PC_DESKTOP/Documents/2MPFAVD/THESIS/rayen/backend/spring/DAILY/target/classes started by marwen in /home/marwen/Documents/PC_DESKTOP/Documents/2MPFAVD/THESIS/rayen/backend/spring/DAILY)
2024-07-25 20:09:22,528 INFO org.springframework.boot.SpringApplication [restartedMain] No active profile set, falling back to 1 default profile: "default"
2024-07-25 20:09:22,555 INFO org.springframework.boot.logging.DeferredLog [restartedMain] Devtools property defaults active! Set 'spring.devtools.add-properties' to 'false' to disable
2024-07-25 20:09:22,556 INFO org.springframework.boot.logging.DeferredLog [restartedMain] For additional web related logging consider setting the 'logging.level.web' property to 'DEBUG'
2024-07-25 20:09:22,983 INFO org.springframework.data.repository.config.RepositoryConfigurationDelegate [restartedMain] Bootstrapping Spring Data MongoDB repositories in DEFAULT mode.
2024-07-25 20:09:23,015 INFO org.springframework.data.repository.config.RepositoryConfigurationDelegate [restartedMain] Finished Spring Data repository scanning in 29 ms. Found 2 MongoDB repository interfaces.
2024-07-25 20:09:23,375 INFO org.springframework.boot.web.embedded.tomcat.TomcatWebServer [restartedMain] Tomcat initialized with port(s): 8888 (http)
2024-07-25 20:09:23,381 INFO org.apache.juli.logging.DirectJDKLog [restartedMain] Initializing ProtocolHandler ["http-nio-8888"]
2024-07-25 20:09:23,381 INFO org.apache.juli.logging.DirectJDKLog [restartedMain] Starting service [Tomcat]
2024-07-25 20:09:23,381 INFO org.apache.juli.logging.DirectJDKLog [restartedMain] Starting Servlet engine: [Apache Tomcat/9.0.75]
2024-07-25 20:09:23,413 INFO org.apache.juli.logging.DirectJDKLog [restartedMain] Initializing Spring embedded WebApplicationContext
2024-07-25 20:09:23,414 INFO org.springframework.boot.web.servlet.context.ServletWebServerApplicationContext [restartedMain] Root WebApplicationContext: initialization completed in 858 ms
2024-07-25 20:09:23,511 INFO com.mongodb.diagnostics.logging.SLF4JLogger [restartedMain] MongoClient with metadata {"driver": {"name": "mongo-java-driver|sync|spring-boot", "version": "4.6.1"}, "os": {"type": "Linux", "name": "Linux", "architecture": "amd64", "version": "5.15.0-117-generic"}, "platform": "Java/Amazon.com Inc./1.8.0_422-b05"} created with settings MongoClientSettings{readPreference=primary, writeConcern=WriteConcern{w=null, wTimeout=null ms, journal=null}, retryWrites=true, retryReads=true, readConcern=ReadConcern{level=null}, credential=null, streamFactoryFactory=null, commandListeners=[], codecRegistry=ProvidersCodecRegistry{codecProviders=[ValueCodecProvider{}, BsonValueCodecProvider{}, DBRefCodecProvider{}, DBObjectCodecProvider{}, DocumentCodecProvider{}, IterableCodecProvider{}, MapCodecProvider{}, GeoJsonCodecProvider{}, GridFSFileCodecProvider{}, Jsr310CodecProvider{}, JsonObjectCodecProvider{}, BsonCodecProvider{}, EnumCodecProvider{}, com.mongodb.Jep395RecordCodecProvider@31f458e2]}, clusterSettings={hosts=[localhost:27017], srvServiceName=mongodb, mode=SINGLE, requiredClusterType=UNKNOWN, requiredReplicaSetName='null', serverSelector='null', clusterListeners='[]', serverSelectionTimeout='30000 ms', localThreshold='30000 ms'}, socketSettings=SocketSettings{connectTimeoutMS=10000, readTimeoutMS=0, receiveBufferSize=0, sendBufferSize=0}, heartbeatSocketSettings=SocketSettings{connectTimeoutMS=10000, readTimeoutMS=10000, receiveBufferSize=0, sendBufferSize=0}, connectionPoolSettings=ConnectionPoolSettings{maxSize=100, minSize=0, maxWaitTimeMS=120000, maxConnectionLifeTimeMS=0, maxConnectionIdleTimeMS=0, maintenanceInitialDelayMS=0, maintenanceFrequencyMS=60000, connectionPoolListeners=[], maxConnecting=2}, serverSettings=ServerSettings{heartbeatFrequencyMS=10000, minHeartbeatFrequencyMS=500, serverListeners='[]', serverMonitorListeners='[]'}, sslSettings=SslSettings{enabled=false, invalidHostNameAllowed=false, context=null}, applicationName='null', compressorList=[], uuidRepresentation=JAVA_LEGACY, serverApi=null, autoEncryptionSettings=null, contextProvider=null}
2024-07-25 20:09:23,523 INFO com.mongodb.diagnostics.logging.SLF4JLogger [cluster-ClusterId{value='66a2a2e35ec47c44659215fd', description='null'}-localhost:27017] Opened connection [connectionId{localValue:2, serverValue:9}] to localhost:27017
2024-07-25 20:09:23,523 INFO com.mongodb.diagnostics.logging.SLF4JLogger [cluster-rtt-ClusterId{value='66a2a2e35ec47c44659215fd', description='null'}-localhost:27017] Opened connection [connectionId{localValue:1, serverValue:10}] to localhost:27017
2024-07-25 20:09:23,523 INFO com.mongodb.diagnostics.logging.SLF4JLogger [cluster-ClusterId{value='66a2a2e35ec47c44659215fd', description='null'}-localhost:27017] Monitor thread successfully connected to server with description ServerDescription{address=localhost:27017, type=STANDALONE, state=CONNECTED, ok=true, minWireVersion=0, maxWireVersion=21, maxDocumentSize=16777216, logicalSessionTimeoutMinutes=30, roundTripTimeNanos=14703898}
2024-07-25 20:09:23,773 WARN org.springframework.boot.devtools.autoconfigure.OptionalLiveReloadServer [restartedMain] Unable to start LiveReload server
2024-07-25 20:09:23,886 INFO com.mongodb.diagnostics.logging.SLF4JLogger [restartedMain] Opened connection [connectionId{localValue:3, serverValue:11}] to localhost:27017
2024-07-25 20:09:23,953 INFO org.springframework.security.web.DefaultSecurityFilterChain [restartedMain] Will secure any request with [org.springframework.security.web.session.DisableEncodeUrlFilter@79436eec, org.springframework.security.web.context.request.async.WebAsyncManagerIntegrationFilter@17bfde15, org.springframework.security.web.context.SecurityContextPersistenceFilter@1263922c, org.springframework.security.web.header.HeaderWriterFilter@6f1676ae, org.springframework.web.filter.CorsFilter@49cb0980, org.springframework.security.web.authentication.logout.LogoutFilter@5ca09c68, com.daily.security.jwt.AuthTokenFilter@a083b86, org.springframework.security.web.savedrequest.RequestCacheAwareFilter@6e134ab, org.springframework.security.web.servletapi.SecurityContextHolderAwareRequestFilter@91fa25, org.springframework.security.web.authentication.AnonymousAuthenticationFilter@5f3949e, org.springframework.security.web.session.SessionManagementFilter@6a3c2ab1, org.springframework.security.web.access.ExceptionTranslationFilter@1a7e705, org.springframework.security.web.access.intercept.FilterSecurityInterceptor@47d5dec]
2024-07-25 20:09:24,648 INFO org.apache.juli.logging.DirectJDKLog [restartedMain] Starting ProtocolHandler ["http-nio-8888"]
2024-07-25 20:09:24,659 INFO org.springframework.boot.web.embedded.tomcat.TomcatWebServer [restartedMain] Tomcat started on port(s): 8888 (http) with context path '/api/v1'
2024-07-25 20:09:24,666 INFO org.springframework.boot.StartupInfoLogger [restartedMain] Started Application in 2.345 seconds (JVM running for 2.704)
2024-07-25 20:10:56,927 INFO org.hibernate.validator.internal.util.Version [background-preinit] HV000001: Hibernate Validator 6.2.5.Final
2024-07-25 20:10:56,935 INFO org.springframework.boot.StartupInfoLogger [restartedMain] Starting Application using Java 1.8.0_422 on marwen-B450M-DS3H with PID 69365 (/home/marwen/Documents/PC_DESKTOP/Documents/2MPFAVD/THESIS/rayen/backend/spring/DAILY/target/classes started by marwen in /home/marwen/Documents/PC_DESKTOP/Documents/2MPFAVD/THESIS/rayen/backend/spring/DAILY)
2024-07-25 20:10:56,936 INFO org.springframework.boot.SpringApplication [restartedMain] No active profile set, falling back to 1 default profile: "default"
2024-07-25 20:10:56,959 INFO org.springframework.boot.logging.DeferredLog [restartedMain] Devtools property defaults active! Set 'spring.devtools.add-properties' to 'false' to disable
2024-07-25 20:10:56,959 INFO org.springframework.boot.logging.DeferredLog [restartedMain] For additional web related logging consider setting the 'logging.level.web' property to 'DEBUG'
2024-07-25 20:10:57,379 INFO org.springframework.data.repository.config.RepositoryConfigurationDelegate [restartedMain] Bootstrapping Spring Data MongoDB repositories in DEFAULT mode.
2024-07-25 20:10:57,405 INFO org.springframework.data.repository.config.RepositoryConfigurationDelegate [restartedMain] Finished Spring Data repository scanning in 23 ms. Found 2 MongoDB repository interfaces.
2024-07-25 20:10:57,752 INFO org.springframework.boot.web.embedded.tomcat.TomcatWebServer [restartedMain] Tomcat initialized with port(s): 8888 (http)
2024-07-25 20:10:57,758 INFO org.apache.juli.logging.DirectJDKLog [restartedMain] Initializing ProtocolHandler ["http-nio-8888"]
2024-07-25 20:10:57,758 INFO org.apache.juli.logging.DirectJDKLog [restartedMain] Starting service [Tomcat]
2024-07-25 20:10:57,759 INFO org.apache.juli.logging.DirectJDKLog [restartedMain] Starting Servlet engine: [Apache Tomcat/9.0.75]
2024-07-25 20:10:57,789 INFO org.apache.juli.logging.DirectJDKLog [restartedMain] Initializing Spring embedded WebApplicationContext
2024-07-25 20:10:57,789 INFO org.springframework.boot.web.servlet.context.ServletWebServerApplicationContext [restartedMain] Root WebApplicationContext: initialization completed in 829 ms
2024-07-25 20:10:57,883 INFO com.mongodb.diagnostics.logging.SLF4JLogger [restartedMain] MongoClient with metadata {"driver": {"name": "mongo-java-driver|sync|spring-boot", "version": "4.6.1"}, "os": {"type": "Linux", "name": "Linux", "architecture": "amd64", "version": "5.15.0-117-generic"}, "platform": "Java/Amazon.com Inc./1.8.0_422-b05"} created with settings MongoClientSettings{readPreference=primary, writeConcern=WriteConcern{w=null, wTimeout=null ms, journal=null}, retryWrites=true, retryReads=true, readConcern=ReadConcern{level=null}, credential=null, streamFactoryFactory=null, commandListeners=[], codecRegistry=ProvidersCodecRegistry{codecProviders=[ValueCodecProvider{}, BsonValueCodecProvider{}, DBRefCodecProvider{}, DBObjectCodecProvider{}, DocumentCodecProvider{}, IterableCodecProvider{}, MapCodecProvider{}, GeoJsonCodecProvider{}, GridFSFileCodecProvider{}, Jsr310CodecProvider{}, JsonObjectCodecProvider{}, BsonCodecProvider{}, EnumCodecProvider{}, com.mongodb.Jep395RecordCodecProvider@1b6a4f28]}, clusterSettings={hosts=[localhost:27017], srvServiceName=mongodb, mode=SINGLE, requiredClusterType=UNKNOWN, requiredReplicaSetName='null', serverSelector='null', clusterListeners='[]', serverSelectionTimeout='30000 ms', localThreshold='30000 ms'}, socketSettings=SocketSettings{connectTimeoutMS=10000, readTimeoutMS=0, receiveBufferSize=0, sendBufferSize=0}, heartbeatSocketSettings=SocketSettings{connectTimeoutMS=10000, readTimeoutMS=10000, receiveBufferSize=0, sendBufferSize=0}, connectionPoolSettings=ConnectionPoolSettings{maxSize=100, minSize=0, maxWaitTimeMS=120000, maxConnectionLifeTimeMS=0, maxConnectionIdleTimeMS=0, maintenanceInitialDelayMS=0, maintenanceFrequencyMS=60000, connectionPoolListeners=[], maxConnecting=2}, serverSettings=ServerSettings{heartbeatFrequencyMS=10000, minHeartbeatFrequencyMS=500, serverListeners='[]', serverMonitorListeners='[]'}, sslSettings=SslSettings{enabled=false, invalidHostNameAllowed=false, context=null}, applicationName='null', compressorList=[], uuidRepresentation=JAVA_LEGACY, serverApi=null, autoEncryptionSettings=null, contextProvider=null}
2024-07-25 20:10:57,892 INFO com.mongodb.diagnostics.logging.SLF4JLogger [cluster-rtt-ClusterId{value='66a2a3414ddb1546048cc6ba', description='null'}-localhost:27017] Opened connection [connectionId{localValue:1, serverValue:13}] to localhost:27017
2024-07-25 20:10:57,892 INFO com.mongodb.diagnostics.logging.SLF4JLogger [cluster-ClusterId{value='66a2a3414ddb1546048cc6ba', description='null'}-localhost:27017] Opened connection [connectionId{localValue:2, serverValue:12}] to localhost:27017
2024-07-25 20:10:57,892 INFO com.mongodb.diagnostics.logging.SLF4JLogger [cluster-ClusterId{value='66a2a3414ddb1546048cc6ba', description='null'}-localhost:27017] Monitor thread successfully connected to server with description ServerDescription{address=localhost:27017, type=STANDALONE, state=CONNECTED, ok=true, minWireVersion=0, maxWireVersion=21, maxDocumentSize=16777216, logicalSessionTimeoutMinutes=30, roundTripTimeNanos=13656709}
2024-07-25 20:10:58,136 WARN org.springframework.boot.devtools.autoconfigure.OptionalLiveReloadServer [restartedMain] Unable to start LiveReload server
2024-07-25 20:10:58,255 INFO com.mongodb.diagnostics.logging.SLF4JLogger [restartedMain] Opened connection [connectionId{localValue:3, serverValue:14}] to localhost:27017
2024-07-25 20:10:58,343 INFO org.springframework.security.web.DefaultSecurityFilterChain [restartedMain] Will secure any request with [org.springframework.security.web.session.DisableEncodeUrlFilter@436295b3, org.springframework.security.web.context.request.async.WebAsyncManagerIntegrationFilter@6af88d09, org.springframework.security.web.context.SecurityContextPersistenceFilter@68206fe6, org.springframework.security.web.header.HeaderWriterFilter@50f769cd, org.springframework.web.filter.CorsFilter@6297a4bb, org.springframework.security.web.authentication.logout.LogoutFilter@13843354, com.daily.security.jwt.AuthTokenFilter@356824bd, org.springframework.security.web.savedrequest.RequestCacheAwareFilter@4934f43e, org.springframework.security.web.servletapi.SecurityContextHolderAwareRequestFilter@474b74a5, org.springframework.security.web.authentication.AnonymousAuthenticationFilter@5895813b, org.springframework.security.web.session.SessionManagementFilter@5383adb, org.springframework.security.web.access.ExceptionTranslationFilter@5e461f29, org.springframework.security.web.access.intercept.FilterSecurityInterceptor@49ec1be5]
2024-07-25 20:10:58,956 INFO org.apache.juli.logging.DirectJDKLog [restartedMain] Starting ProtocolHandler ["http-nio-8888"]
2024-07-25 20:10:58,964 INFO org.springframework.boot.web.embedded.tomcat.TomcatWebServer [restartedMain] Tomcat started on port(s): 8888 (http) with context path '/api/v1'
2024-07-25 20:10:58,971 INFO org.springframework.boot.StartupInfoLogger [restartedMain] Started Application in 2.263 seconds (JVM running for 2.609)
